------------------------------------------------------------------------------------------------------------------------

[2021-09-09 10:48:23 #1 store] 
Database 'C:\Users\telmo\Desktop\DEMO IS\Bets21\src\main\resources\bets.temp' is opened by 22984@DESKTOP-7ADQIQM

[2021-09-09 10:48:23 #2 type] 
Type domain.Cuenta is not enhanced.

[2021-09-09 10:48:23 #3 type] 
Type domain.CuentaAhorro is not enhanced.

[2021-09-09 10:48:23 #4 type] 
Type domain.Apuesta is not enhanced.

[2021-09-09 10:48:23 #5 type] 
Type domain.Pronostico is not enhanced.

[2021-09-09 10:48:23 #6 type] 
Type domain.Question is not enhanced.

[2021-09-09 10:48:23 #7 type] 
Type domain.Event is not enhanced.

------------------------------------------------------------------------------------------------------------------------

[2021-09-09 11:27:25 #1 store] 
Database 'C:\Users\telmo\Desktop\DEMO IS\Bets21\src\main\resources\bets.temp' is opened by 19496@DESKTOP-7ADQIQM

[2021-09-09 11:27:25 #2 type] 
Type domain.Cuenta is not enhanced.

[2021-09-09 11:27:25 #3 type] 
Type domain.CuentaAhorro is not enhanced.

[2021-09-09 11:27:25 #4 type] 
Type domain.Apuesta is not enhanced.

[2021-09-09 11:27:25 #5 type] 
Type domain.Pronostico is not enhanced.

[2021-09-09 11:27:25 #6 type] 
Type domain.Question is not enhanced.

[2021-09-09 11:27:25 #7 type] 
Type domain.Event is not enhanced.

