------------------------------------------------------------------------------------------------------------------------

[2021-06-11 10:23:25 #1 store] 
Database 'F:\Trabajo IS\Bets21\src\main\resources\bets.temp' has been recovered (tr. 18-19)

[2021-06-11 10:23:25 #2 store] 
Database 'F:\Trabajo IS\Bets21\src\main\resources\bets.temp' is opened by 20540@DESKTOP-IS987IB

[2021-06-11 10:23:25 #3 type] 
Type domain.Cuenta is not enhanced.

[2021-06-11 10:23:25 #4 type] 
Type domain.Question is not enhanced.

[2021-06-11 10:23:25 #5 type] 
Type domain.Event is not enhanced.

[2021-06-11 10:23:25 #6 type] 
Type domain.Pronostico is not enhanced.

[2021-06-11 10:23:25 #7 type] 
Type domain.Apuesta is not enhanced.

------------------------------------------------------------------------------------------------------------------------

[2021-06-11 10:33:57 #1 store] 
Database 'F:\Trabajo IS\Bets21\src\main\resources\bets.temp' has been recovered (tr. 20-21)

[2021-06-11 10:33:57 #2 store] 
Database 'F:\Trabajo IS\Bets21\src\main\resources\bets.temp' is opened by 19936@DESKTOP-IS987IB

[2021-06-11 10:33:58 #3 type] 
Type domain.Cuenta is not enhanced.

[2021-06-11 10:33:58 #4 type] 
Type domain.Question is not enhanced.

[2021-06-11 10:33:58 #5 type] 
Type domain.Event is not enhanced.

[2021-06-11 10:33:58 #6 type] 
Type domain.Pronostico is not enhanced.

[2021-06-11 10:33:58 #7 type] 
Type domain.Apuesta is not enhanced.

------------------------------------------------------------------------------------------------------------------------

[2021-06-11 11:24:15 #1 store] 
Database 'F:\Trabajo IS\Bets21\src\main\resources\bets.temp' is opened by 28328@DESKTOP-IS987IB

[2021-06-11 11:24:15 #2 type] 
Type domain.Cuenta is not enhanced.

[2021-06-11 11:24:15 #3 type] 
Type domain.Question is not enhanced.

[2021-06-11 11:24:15 #4 type] 
Type domain.Event is not enhanced.

[2021-06-11 11:24:15 #5 type] 
Type domain.Pronostico is not enhanced.

[2021-06-11 11:24:15 #6 type] 
Type domain.Apuesta is not enhanced.

------------------------------------------------------------------------------------------------------------------------

[2021-06-11 11:48:01 #1 store] 
Database 'F:\Trabajo IS\Bets21\src\main\resources\bets.temp' has been recovered (tr. 22-22)

[2021-06-11 11:48:02 #2 store] 
Database 'F:\Trabajo IS\Bets21\src\main\resources\bets.temp' is opened by 17528@DESKTOP-IS987IB

[2021-06-11 11:48:02 #3 type] 
Type domain.Cuenta is not enhanced.

[2021-06-11 11:48:02 #4 type] 
Type domain.Question is not enhanced.

[2021-06-11 11:48:02 #5 type] 
Type domain.Event is not enhanced.

[2021-06-11 11:48:02 #6 type] 
Type domain.Pronostico is not enhanced.

[2021-06-11 11:48:02 #7 type] 
Type domain.Apuesta is not enhanced.

------------------------------------------------------------------------------------------------------------------------

[2021-06-11 11:49:53 #1 store] 
Database 'F:\Trabajo IS\Bets21\src\main\resources\bets.temp' has been recovered (tr. 23-23)

[2021-06-11 11:49:54 #2 store] 
Database 'F:\Trabajo IS\Bets21\src\main\resources\bets.temp' is opened by 11300@DESKTOP-IS987IB

[2021-06-11 11:49:54 #3 type] 
Type domain.Cuenta is not enhanced.

[2021-06-11 11:49:54 #4 type] 
Type domain.Question is not enhanced.

[2021-06-11 11:49:54 #5 type] 
Type domain.Event is not enhanced.

[2021-06-11 11:49:54 #6 type] 
Type domain.Pronostico is not enhanced.

[2021-06-11 11:49:54 #7 type] 
Type domain.Apuesta is not enhanced.

------------------------------------------------------------------------------------------------------------------------

[2021-06-11 11:50:40 #1 store] 
Database 'F:\Trabajo IS\Bets21\src\main\resources\bets.temp' is opened by 20652@DESKTOP-IS987IB

[2021-06-11 11:50:41 #2 type] 
Type domain.Cuenta is not enhanced.

[2021-06-11 11:50:41 #3 type] 
Type domain.Question is not enhanced.

[2021-06-11 11:50:41 #4 type] 
Type domain.Event is not enhanced.

[2021-06-11 11:50:41 #5 type] 
Type domain.Pronostico is not enhanced.

[2021-06-11 11:50:41 #6 type] 
Type domain.Apuesta is not enhanced.

------------------------------------------------------------------------------------------------------------------------

[2021-06-11 12:16:02 #1 store] 
Database 'F:\Trabajo IS\Bets21\src\main\resources\bets.temp' has been recovered (tr. 24-24)

[2021-06-11 12:16:02 #2 store] 
Database 'F:\Trabajo IS\Bets21\src\main\resources\bets.temp' is opened by 13148@DESKTOP-IS987IB

[2021-06-11 12:16:03 #3 type] 
Type domain.Cuenta is not enhanced.

[2021-06-11 12:16:03 #4 type] 
Type domain.Question is not enhanced.

[2021-06-11 12:16:03 #5 type] 
Type domain.Event is not enhanced.

[2021-06-11 12:16:03 #6 type] 
Type domain.Pronostico is not enhanced.

[2021-06-11 12:16:03 #7 type] 
Type domain.Apuesta is not enhanced.

