------------------------------------------------------------------------------------------------------------------------

[2021-09-12 17:35:32 #1 store] 
Database 'C:\Users\telmo\Desktop\is2bueno\betsis2\src\main\resources\bets.temp' is opened by 2176@DESKTOP-7ADQIQM

[2021-09-12 17:35:32 #2 type] 
Type domain.Cuenta is not enhanced.

[2021-09-12 17:35:32 #3 type] 
Type domain.CuentaAhorro is not enhanced.

[2021-09-12 17:35:33 #4 type] 
Type domain.Apuesta is not enhanced.

[2021-09-12 17:35:33 #5 type] 
Type domain.Pronostico is not enhanced.

[2021-09-12 17:35:33 #6 type] 
Type domain.Question is not enhanced.

[2021-09-12 17:35:33 #7 type] 
Type domain.Event is not enhanced.

------------------------------------------------------------------------------------------------------------------------

[2021-09-12 18:31:50 #1 store] 
Database 'C:\Users\telmo\Desktop\is2bueno\betsis2\src\main\resources\bets.temp' is opened by 18920@DESKTOP-7ADQIQM

[2021-09-12 18:31:50 #2 type] 
Type domain.Cuenta is not enhanced.

[2021-09-12 18:31:50 #3 type] 
Type domain.CuentaAhorro is not enhanced.

[2021-09-12 18:31:50 #4 type] 
Type domain.Apuesta is not enhanced.

[2021-09-12 18:31:50 #5 type] 
Type domain.Pronostico is not enhanced.

[2021-09-12 18:31:50 #6 type] 
Type domain.Question is not enhanced.

[2021-09-12 18:31:50 #7 type] 
Type domain.Event is not enhanced.

